<?xml version="1.0" encoding="UTF-8"?>
<testng-results ignored="0" total="1" passed="1" failed="0" skipped="0">
  <reporter-output>
  </reporter-output>
  <suite started-at="2024-05-07T08:20:10 IST" name="Internet Banking" finished-at="2024-05-07T08:20:26 IST" duration-ms="15383">
    <groups>
    </groups>
    <test started-at="2024-05-07T08:20:10 IST" name="Banking Test" finished-at="2024-05-07T08:20:26 IST" duration-ms="15383">
      <class name="com.internetBankingAppAutomation.testCases.TC_LoginPage_001">
        <test-method is-config="true" signature="setUp(java.lang.String)[pri:0, instance:com.internetBankingAppAutomation.testCases.TC_LoginPage_001@4d9ac0b4]" started-at="2024-05-07T08:20:10 IST" name="setUp" finished-at="2024-05-07T08:20:20 IST" duration-ms="9618" status="PASS">
          <params>
            <param index="0">
              <value>
                <![CDATA[gecko]]>
              </value>
            </param>
          </params>
          <reporter-output>
          </reporter-output>
        </test-method> <!-- setUp -->
        <test-method signature="loginTest()[pri:0, instance:com.internetBankingAppAutomation.testCases.TC_LoginPage_001@4d9ac0b4]" started-at="2024-05-07T08:20:20 IST" name="loginTest" finished-at="2024-05-07T08:20:22 IST" duration-ms="1888" status="PASS">
          <reporter-output>
          </reporter-output>
        </test-method> <!-- loginTest -->
        <test-method is-config="true" signature="tearDown()[pri:0, instance:com.internetBankingAppAutomation.testCases.TC_LoginPage_001@4d9ac0b4]" started-at="2024-05-07T08:20:22 IST" name="tearDown" finished-at="2024-05-07T08:20:26 IST" duration-ms="3680" status="PASS">
          <reporter-output>
          </reporter-output>
        </test-method> <!-- tearDown -->
      </class> <!-- com.internetBankingAppAutomation.testCases.TC_LoginPage_001 -->
    </test> <!-- Banking Test -->
  </suite> <!-- Internet Banking -->
</testng-results>
