<?xml version="1.0" encoding="UTF-8"?>
<testsuite xmlns:xsi="http://www.w3.org/2001/XMLSchema-instance" xsi:noNamespaceSchemaLocation="https://maven.apache.org/surefire/maven-surefire-plugin/xsd/surefire-test-report-3.0.xsd" version="3.0" name="TestSuite" time="16.635" tests="1" errors="0" skipped="0" failures="0">
  <properties>
[...]
</properties>
  <testcase name="loginTest" classname="com.internetBankingAppAutomation.testCases.TC_LoginPage_001" time="1.907">
    <system-out><![CDATA[08:20:20.549 [main] INFO  com.internetBankingAppAutomation.testCases.baseClass - URL is opened
08:20:20.557 [main] WARN  com.internetBankingAppAutomation.testCases.baseClass - URL is opened
08:20:20.557 [main] ERROR com.internetBankingAppAutomation.testCases.baseClass - URL is opened
08:20:20.557 [main] DEBUG com.internetBankingAppAutomation.testCases.baseClass - URL is opened
Screenshot Taken
]]></system-out>
    <system-err><![CDATA[SLF4J: Failed to load class "org.slf4j.impl.StaticLoggerBinder".
SLF4J: Defaulting to no-operation (NOP) logger implementation
SLF4J: See http://www.slf4j.org/codes.html#StaticLoggerBinder for further details.
]]></system-err>
  </testcase>
</testsuite>