<?xml version="1.0" encoding="UTF-8"?>
<testng-results ignored="0" total="1" passed="1" failed="0" skipped="0">
  <reporter-output>
  </reporter-output>
  <suite started-at="2024-04-25T08:06:29 IST" name="Internet Banking" finished-at="2024-04-25T08:06:46 IST" duration-ms="16919">
    <groups>
    </groups>
    <test started-at="2024-04-25T08:06:29 IST" name="Banking Test" finished-at="2024-04-25T08:06:46 IST" duration-ms="16919">
      <class name="com.internetBankingAppAutomation.testCases.TC_NewCutomer_002">
        <test-method is-config="true" signature="setUp(java.lang.String)[pri:0, instance:com.internetBankingAppAutomation.testCases.TC_NewCutomer_002@45815ffc]" started-at="2024-04-25T08:06:29 IST" name="setUp" finished-at="2024-04-25T08:06:34 IST" duration-ms="5262" status="PASS">
          <params>
            <param index="0">
              <value>
                <![CDATA[chrome]]>
              </value>
            </param>
          </params>
          <reporter-output>
          </reporter-output>
        </test-method> <!-- setUp -->
        <test-method signature="createNewCutomer()[pri:0, instance:com.internetBankingAppAutomation.testCases.TC_NewCutomer_002@45815ffc]" started-at="2024-04-25T08:06:34 IST" name="createNewCutomer" finished-at="2024-04-25T08:06:45 IST" duration-ms="11043" status="PASS">
          <reporter-output>
          </reporter-output>
        </test-method> <!-- createNewCutomer -->
        <test-method is-config="true" signature="tearDown()[pri:0, instance:com.internetBankingAppAutomation.testCases.TC_NewCutomer_002@45815ffc]" started-at="2024-04-25T08:06:45 IST" name="tearDown" finished-at="2024-04-25T08:06:46 IST" duration-ms="453" status="PASS">
          <reporter-output>
          </reporter-output>
        </test-method> <!-- tearDown -->
      </class> <!-- com.internetBankingAppAutomation.testCases.TC_NewCutomer_002 -->
    </test> <!-- Banking Test -->
  </suite> <!-- Internet Banking -->
</testng-results>
